
> chassis@0.3.6 lint
> eslint src


/home/papajoe/projects/chassis/src/commands/analysis.ts
  35:102  warning  Async arrow function has a complexity of 12. Maximum allowed is 10  complexity
  81:92   warning  Async arrow function has a complexity of 13. Maximum allowed is 10  complexity

/home/papajoe/projects/chassis/src/commands/apiSetup.ts
  57:57  warning  Async arrow function has a complexity of 30. Maximum allowed is 10  complexity

/home/papajoe/projects/chassis/src/commands/apiSetupHtml.ts
  69:41  warning  Arrow function has a complexity of 18. Maximum allowed is 10  complexity

/home/papajoe/projects/chassis/src/commands/init.ts
   11:103  warning  Async arrow function has a complexity of 29. Maximum allowed is 10          complexity
   96:8    warning  Async function 'runAutoInit' has a complexity of 11. Maximum allowed is 10  complexity
  111:29   warning  Async arrow function has a complexity of 15. Maximum allowed is 10          complexity

/home/papajoe/projects/chassis/src/commands/initCommands.ts
   15:62  warning  Async arrow function has a complexity of 20. Maximum allowed is 10  complexity
  110:72  warning  Async arrow function has a complexity of 11. Maximum allowed is 10  complexity

/home/papajoe/projects/chassis/src/commands/miscGit.ts
  9:68  warning  Async arrow function has a complexity of 16. Maximum allowed is 10  complexity

/home/papajoe/projects/chassis/src/commands/retrofitBlueprint.ts
  18:75  warning  Async arrow function has a complexity of 15. Maximum allowed is 10  complexity

/home/papajoe/projects/chassis/src/commands/setupHub.ts
  23:1   warning  Async function 'showSetupHub' has a complexity of 12. Maximum allowed is 10  complexity
  50:50  warning  Async arrow function has a complexity of 24. Maximum allowed is 10           complexity

/home/papajoe/projects/chassis/src/commands/setupHubHtml.ts
  10:8  warning  Function 'getHubHtml' has a complexity of 25. Maximum allowed is 10  complexity

/home/papajoe/projects/chassis/src/commands/startRuntimeAnalysis.ts
  26:1  warning  Async function 'runRuntimeAnalysis' has a complexity of 18. Maximum allowed is 10  complexity

/home/papajoe/projects/chassis/src/commands/startRuntimeAnalysisHelpers.ts
  60:8  warning  Function 'buildConnections' has a complexity of 21. Maximum allowed is 10  complexity

/home/papajoe/projects/chassis/src/core/ai/chatPanelAI.ts
  14:8  warning  Function 'buildAIPrefix' has a complexity of 21. Maximum allowed is 10  complexity

/home/papajoe/projects/chassis/src/core/ai/chatPanelClassifier.ts
  35:8  warning  Async function 'classifyIntent' has a complexity of 28. Maximum allowed is 10  complexity

/home/papajoe/projects/chassis/src/core/ai/chatPanelClassifierOverrides.ts
  7:8  warning  Function 'checkHardcodedOverrides' has a complexity of 26. Maximum allowed is 10  complexity

/home/papajoe/projects/chassis/src/core/ai/chatPanelIntent.ts
  75:8  warning  Async function 'handleBuildRequest' has a complexity of 50. Maximum allowed is 10  complexity

/home/papajoe/projects/chassis/src/core/ai/complexityAssessment.ts
  44:8  warning  Async function 'assessComplexity' has a complexity of 33. Maximum allowed is 10  complexity

/home/papajoe/projects/chassis/src/core/ai/costEstimatorService.ts
  128:8  warning  Function 'estimateBuild' has a complexity of 11. Maximum allowed is 10  complexity

/home/papajoe/projects/chassis/src/core/build/chatPanelAutoSave.ts
  34:8  warning  Async function 'shouldAutoSave' has a complexity of 12. Maximum allowed is 10   complexity
  61:8  warning  Function 'extractAutoSaveTarget' has a complexity of 15. Maximum allowed is 10  complexity

/home/papajoe/projects/chassis/src/core/build/chatPanelBuild.ts
  32:8  warning  Async function 'runSingleFileBuild' has a complexity of 76. Maximum allowed is 10  complexity

/home/papajoe/projects/chassis/src/core/build/chatPanelBuildAutoCreate.ts
  20:8  warning  Async function 'autoCreateProject' has a complexity of 14. Maximum allowed is 10  complexity

/home/papajoe/projects/chassis/src/core/build/chatPanelBuildInference.ts
  61:8  warning  Function 'inferExtension' has a complexity of 31. Maximum allowed is 10  complexity

/home/papajoe/projects/chassis/src/core/build/chatPanelBuildOrchestrated.ts
  84:8  warning  Async function 'runOrchestratedPhaseBuild' has a complexity of 15. Maximum allowed is 10  complexity

/home/papajoe/projects/chassis/src/core/build/chatPanelBuildPhase.ts
  33:8  warning  Async function 'buildPhase' has a complexity of 11. Maximum allowed is 10  complexity

/home/papajoe/projects/chassis/src/core/build/chatPanelBuildPipeline.ts
  33:8  warning  Function 'getCompilePipeline' has a complexity of 14. Maximum allowed is 10  complexity

/home/papajoe/projects/chassis/src/core/build/chatPanelBuildReview.ts
  13:8  warning  Async function 'runGuardianReview' has a complexity of 17. Maximum allowed is 10  complexity

/home/papajoe/projects/chassis/src/core/build/chatPanelBuildRunner.ts
  26:1  warning  Function 'getLiveRoot' has a complexity of 11. Maximum allowed is 10               complexity
  38:8  warning  Async function 'runBuildAfterGates' has a complexity of 15. Maximum allowed is 10  complexity

/home/papajoe/projects/chassis/src/core/build/chatPanelBuildUtils.ts
  91:8  warning  Async function 'panelVaultOnlyBuild' has a complexity of 22. Maximum allowed is 10  complexity

/home/papajoe/projects/chassis/src/core/build/chatPanelBuildVault.ts
  32:8  warning  Async function 'runVaultAssemblyBuild' has a complexity of 29. Maximum allowed is 10  complexity

/home/papajoe/projects/chassis/src/core/build/chatPanelBuildWorker.ts
  19:8  warning  Async function 'executeWorkerBuild' has a complexity of 20. Maximum allowed is 10  complexity
  75:8  warning  Function 'buildWorkerPrompt' has a complexity of 11. Maximum allowed is 10         complexity

/home/papajoe/projects/chassis/src/core/build/chatPanelBuildWriter.ts
  13:8  warning  Function 'writeBuiltFile' has a complexity of 12. Maximum allowed is 10  complexity

/home/papajoe/projects/chassis/src/core/build/chatPanelChunked.ts
  38:8  warning  Async function 'runChunkedBuild' has a complexity of 61. Maximum allowed is 10  complexity

/home/papajoe/projects/chassis/src/core/build/chatPanelChunkedGen.ts
  26:8  warning  Function 'splitSourceIntoSections' has a complexity of 15. Maximum allowed is 10  complexity
  89:8  warning  Async function 'chunkedGenerate' has a complexity of 15. Maximum allowed is 10    complexity

/home/papajoe/projects/chassis/src/core/build/chatPanelChunkedLoop.ts
  37:8  warning  Async function 'runFileBuildLoop' has a complexity of 49. Maximum allowed is 10  complexity

/home/papajoe/projects/chassis/src/core/build/chatPanelEditBuild.ts
  16:8  warning  Async function 'runEditFileBuild' has a complexity of 33. Maximum allowed is 10  complexity

/home/papajoe/projects/chassis/src/core/build/chatPanelOrchestrator.ts
  36:8  warning  Async function 'handleComplexityRoutedBuild' has a complexity of 14. Maximum allowed is 10  complexity

/home/papajoe/projects/chassis/src/core/build/chatPanelPostBuild.ts
  16:8  warning  Function 'detectPostBuildInfo' has a complexity of 31. Maximum allowed is 10     complexity
  95:8  warning  Function 'buildPostBuildGuidance' has a complexity of 13. Maximum allowed is 10  complexity

/home/papajoe/projects/chassis/src/core/diagnostics/selfDiagnostic.ts
  21:8  warning  Async function 'runDiagnostic' has a complexity of 14. Maximum allowed is 10  complexity

/home/papajoe/projects/chassis/src/core/diagnostics/selfDiagnosticBuildChecks.ts
  121:8  warning  Async function 'checkAllCommandsRegistered' has a complexity of 11. Maximum allowed is 10  complexity

/home/papajoe/projects/chassis/src/core/inspector/phaseInspector.ts
  47:8  warning  Async function 'inspectPhase' has a complexity of 13. Maximum allowed is 10  complexity

/home/papajoe/projects/chassis/src/core/inspector/phaseInspectorChecks.ts
  104:1  warning  Function 'checkBlueprintAlignment' has a complexity of 15. Maximum allowed is 10  complexity

/home/papajoe/projects/chassis/src/core/inspector/phaseInspectorReport.ts
  7:8  warning  Function 'formatInspectionReport' has a complexity of 11. Maximum allowed is 10  complexity

/home/papajoe/projects/chassis/src/core/inspector/phaseInspectorTests.ts
  10:8  warning  Function 'checkForwardCompatibility' has a complexity of 12. Maximum allowed is 10  complexity

/home/papajoe/projects/chassis/src/core/logging/masterLogger.ts
  55:27  warning  Expected { after 'if' condition  curly
  74:24  warning  Expected { after 'if' condition  curly
  87:50  warning  Expected { after 'if' condition  curly

/home/papajoe/projects/chassis/src/core/project/chatPanelMsgFileOps.ts
  32:8  warning  Async function 'handleBuildFeedback' has a complexity of 15. Maximum allowed is 10  complexity

/home/papajoe/projects/chassis/src/core/project/chatPanelMsgProjectOps.ts
   16:8  warning  Async function 'handleRunCommand' has a complexity of 32. Maximum allowed is 10           complexity
   96:8  warning  Async function 'handleOpenExistingProject' has a complexity of 11. Maximum allowed is 10  complexity
  175:8  warning  Async function 'handleStartNewProject' has a complexity of 13. Maximum allowed is 10      complexity

/home/papajoe/projects/chassis/src/core/project/chatPanelProjectContext.ts
  15:8  warning  Function 'buildProjectAnnotationContext' has a complexity of 22. Maximum allowed is 10  complexity

/home/papajoe/projects/chassis/src/core/retrofit/retrofitBlueprint.ts
  21:3  warning  Async method 'scanCodebase' has a complexity of 12. Maximum allowed is 10  complexity

/home/papajoe/projects/chassis/src/core/retrofit/retrofitChunker.ts
  7:8  warning  Async function 'processInChunks' has a complexity of 25. Maximum allowed is 10  complexity

/home/papajoe/projects/chassis/src/core/retrofit/retrofitService.ts
  27:3   warning  Async method 'runRetrofit' has a complexity of 18. Maximum allowed is 10  complexity
  94:32  warning  Async arrow function has a complexity of 11. Maximum allowed is 10        complexity

/home/papajoe/projects/chassis/src/core/routing/chatPanelMessageRouter.ts
  8:8  warning  Async function 'handlePanelMessage' has a complexity of 17. Maximum allowed is 10  complexity

/home/papajoe/projects/chassis/src/core/routing/chatPanelMessageRouterEarlyExits.ts
  11:8  warning  Async function 'handleEarlyExits' has a complexity of 60. Maximum allowed is 10  complexity

/home/papajoe/projects/chassis/src/core/routing/chatPanelMessages.ts
  41:8  warning  Async function 'handleChatMessage' has a complexity of 72. Maximum allowed is 10  complexity

/home/papajoe/projects/chassis/src/core/routing/chatPanelMsgFix.ts
  20:8  warning  Async function 'handleFixRequest' has a complexity of 49. Maximum allowed is 10  complexity

/home/papajoe/projects/chassis/src/core/routing/chatPanelMsgFixApply.ts
  8:8  warning  Async function 'applyFixContent' has a complexity of 13. Maximum allowed is 10  complexity

/home/papajoe/projects/chassis/src/core/routing/chatPanelMsgFixEscalation.ts
  20:8  warning  Async function 'runEscalationLoop' has a complexity of 39. Maximum allowed is 10  complexity

/home/papajoe/projects/chassis/src/core/routing/chatPanelMsgFixPhases.ts
  97:8  warning  Async function 'runSupervisorVerify' has a complexity of 11. Maximum allowed is 10  complexity

/home/papajoe/projects/chassis/src/core/routing/chatPanelMsgFixUtils.ts
  19:8  warning  Function 'modelLabel' has a complexity of 13. Maximum allowed is 10  complexity

/home/papajoe/projects/chassis/src/core/routing/chatPanelMsgIntentActions.ts
  10:8  warning  Async function 'handleRunIntent' has a complexity of 12. Maximum allowed is 10  complexity

/home/papajoe/projects/chassis/src/core/routing/chatPanelMsgSendAI.ts
  24:8  warning  Async function 'handleAIChat' has a complexity of 61. Maximum allowed is 10  complexity

/home/papajoe/projects/chassis/src/core/routing/chatPanelMsgSendAgent.ts
  13:8  warning  Async function 'runAgentMode' has a complexity of 26. Maximum allowed is 10  complexity

/home/papajoe/projects/chassis/src/core/routing/chatPanelMsgSendMessage.ts
  24:8  warning  Async function 'handleSendMessage' has a complexity of 80. Maximum allowed is 10  complexity

/home/papajoe/projects/chassis/src/core/runtime/runtimeProfiler.ts
  113:1  warning  Function 'buildInstrumentationPlan' has a complexity of 11. Maximum allowed is 10  complexity

/home/papajoe/projects/chassis/src/core/runtime/runtimeProfilerDetect.ts
  11:8  warning  Function 'detectEntryPoints' has a complexity of 26. Maximum allowed is 10  complexity
  84:8  warning  Function 'detectLanguageMix' has a complexity of 17. Maximum allowed is 10  complexity

/home/papajoe/projects/chassis/src/core/runtime/runtimeProfilerIpc.ts
  22:8  warning  Function 'detectIpcPatterns' has a complexity of 12. Maximum allowed is 10  complexity

/home/papajoe/projects/chassis/src/core/runtime/runtimeProfilerScan.ts
  14:8  warning  Function 'walkDir' has a complexity of 15. Maximum allowed is 10  complexity

/home/papajoe/projects/chassis/src/extension.ts
  106:54  warning  Arrow function has a complexity of 14. Maximum allowed is 10  complexity

/home/papajoe/projects/chassis/src/extensionCommands.ts
  58:8  warning  Function 'registerAllCommands' has a complexity of 23. Maximum allowed is 10  complexity

/home/papajoe/projects/chassis/src/extensionInlineCommands.ts
   67:91   warning  Async arrow function has a complexity of 11. Maximum allowed is 10  complexity
  125:124  warning  Async arrow function has a complexity of 11. Maximum allowed is 10  complexity

/home/papajoe/projects/chassis/src/extensionInlineCommandsB.ts
  98:80  warning  Async arrow function has a complexity of 17. Maximum allowed is 10  complexity

/home/papajoe/projects/chassis/src/extensionInlineCommandsC.ts
  25:68  warning  Async arrow function has a complexity of 13. Maximum allowed is 10  complexity

/home/papajoe/projects/chassis/src/services/ai/agentNarrator.ts
  19:8  warning  Function 'narrateTool' has a complexity of 28. Maximum allowed is 10      complexity
  73:1  warning  Function 'describeCommand' has a complexity of 23. Maximum allowed is 10  complexity

/home/papajoe/projects/chassis/src/services/ai/agentService.ts
  21:8  warning  Async function 'executeAgentTask' has a complexity of 22. Maximum allowed is 10  complexity

/home/papajoe/projects/chassis/src/services/ai/agentTools.ts
  49:5  warning  Async method 'execute' has a complexity of 15. Maximum allowed is 10  complexity

/home/papajoe/projects/chassis/src/services/ai/guardianAI.ts
  170:8  warning  Async function 'runGuardianReview' has a complexity of 13. Maximum allowed is 10  complexity

/home/papajoe/projects/chassis/src/services/ai/routingClassifier.ts
  6:8  warning  Function 'classifyTask' has a complexity of 13. Maximum allowed is 10  complexity

/home/papajoe/projects/chassis/src/services/ai/routingComplexity.ts
  13:1  warning  Async function 'aiClassifyComplexity' has a complexity of 11. Maximum allowed is 10   complexity
  29:8  warning  Async function 'routeByComplexityImpl' has a complexity of 19. Maximum allowed is 10  complexity

/home/papajoe/projects/chassis/src/services/ai/routingGemini.ts
  8:8  warning  Async function 'callGemini' has a complexity of 19. Maximum allowed is 10  complexity

/home/papajoe/projects/chassis/src/services/ai/routingGuardian.ts
  73:8  warning  Async function 'supervisorPlanImpl' has a complexity of 14. Maximum allowed is 10  complexity

/home/papajoe/projects/chassis/src/services/ai/routingProviders.ts
   8:1  warning  Function 'classifyError' has a complexity of 14. Maximum allowed is 10       complexity
  24:8  warning  Async function 'callProvider' has a complexity of 96. Maximum allowed is 10  complexity

/home/papajoe/projects/chassis/src/services/ai/routingService.ts
  131:3  warning  Async method 'prompt' has a complexity of 28. Maximum allowed is 10  complexity

/home/papajoe/projects/chassis/src/services/ai/streamingProviders.ts
  37:8  warning  Async function 'streamProvider' has a complexity of 23. Maximum allowed is 10  complexity

/home/papajoe/projects/chassis/src/services/ai/supervisorReview.ts
  105:8  warning  Async function 'reviewPhase' has a complexity of 15. Maximum allowed is 10  complexity

/home/papajoe/projects/chassis/src/services/blueprint/blueprintRevisionService.ts
   26:8  warning  Async function 'generateRevisedWhat' has a complexity of 15. Maximum allowed is 10   complexity
   97:8  warning  Function 'applyRevision' has a complexity of 24. Maximum allowed is 10               complexity
  176:8  warning  Async function 'tryBlueprintRevision' has a complexity of 15. Maximum allowed is 10  complexity

/home/papajoe/projects/chassis/src/services/blueprint/blueprintService.ts
  14:3  warning  Async method 'runInterview' has a complexity of 17. Maximum allowed is 10  complexity

/home/papajoe/projects/chassis/src/services/blueprint/expandedInterview.ts
  84:8  warning  Function 'compileInterviewAnswers' has a complexity of 16. Maximum allowed is 10  complexity

/home/papajoe/projects/chassis/src/services/build/buildPlacementCheck.ts
  71:8  warning  Async function 'checkBuildPlacement' has a complexity of 14. Maximum allowed is 10  complexity

/home/papajoe/projects/chassis/src/services/build/compileAutoFix.ts
  83:8  warning  Async function 'runCompileAutoFix' has a complexity of 22. Maximum allowed is 10  complexity

/home/papajoe/projects/chassis/src/services/build/compileRunner.ts
  16:8  warning  Function 'detectCompileCommand' has a complexity of 17. Maximum allowed is 10  complexity

/home/papajoe/projects/chassis/src/services/build/measureTwiceService.ts
   18:3  warning  Method 'validate' has a complexity of 28. Maximum allowed is 10       complexity
  157:3  warning  Method 'countBrackets' has a complexity of 15. Maximum allowed is 10  complexity

/home/papajoe/projects/chassis/src/services/build/surgicalEditService.ts
  74:8  warning  Function 'applySurgicalEdits' has a complexity of 12. Maximum allowed is 10  complexity

/home/papajoe/projects/chassis/src/services/build/testAutoFix.ts
  43:8  warning  Async function 'runTestAutoFix' has a complexity of 20. Maximum allowed is 10  complexity

/home/papajoe/projects/chassis/src/services/build/testRunner.ts
  16:8  warning  Function 'detectTestCommand' has a complexity of 13. Maximum allowed is 10  complexity

/home/papajoe/projects/chassis/src/services/code/codeValidator.ts
  15:8  warning  Function 'validateAndFixHtmlAnimation' has a complexity of 16. Maximum allowed is 10  complexity

/home/papajoe/projects/chassis/src/services/code/testExecutionService.ts
  55:8  warning  Async function 'detectTestFramework' has a complexity of 13. Maximum allowed is 10  complexity
  82:8  warning  Async function 'runTests' has a complexity of 13. Maximum allowed is 10             complexity

/home/papajoe/projects/chassis/src/services/code/testOutputParsers.ts
   7:8  warning  Function 'parseJestOutput' has a complexity of 17. Maximum allowed is 10    complexity
  84:8  warning  Function 'parsePytestOutput' has a complexity of 11. Maximum allowed is 10  complexity

/home/papajoe/projects/chassis/src/services/code/testOutputParsersExt.ts
  7:8  warning  Function 'parseCargoOutput' has a complexity of 13. Maximum allowed is 10  complexity

/home/papajoe/projects/chassis/src/services/delegationCodeLens.ts
  11:3  warning  Method 'provideCodeLenses' has a complexity of 11. Maximum allowed is 10  complexity

/home/papajoe/projects/chassis/src/services/githubBackupService.ts
  49:3  warning  Async method 'setupRepo' has a complexity of 13. Maximum allowed is 10  complexity

/home/papajoe/projects/chassis/src/services/learnedMemoryServiceIO.ts
  25:8  warning  Function 'readLearnedEntries' has a complexity of 11. Maximum allowed is 10  complexity

/home/papajoe/projects/chassis/src/services/mapBuilderService.ts
  13:8  warning  Function 'buildProjectMap' has a complexity of 42. Maximum allowed is 10  complexity

/home/papajoe/projects/chassis/src/services/mcpService.ts
  67:8  warning  Async function 'connectServer' has a complexity of 11. Maximum allowed is 10  complexity

/home/papajoe/projects/chassis/src/services/pipelineTracer.ts
  62:3  warning  Method 'done' has a complexity of 12. Maximum allowed is 10  complexity

/home/papajoe/projects/chassis/src/services/project/chassisInit.ts
  78:8  warning  Async function 'scaffoldAt' has a complexity of 20. Maximum allowed is 10  complexity

/home/papajoe/projects/chassis/src/services/project/projectOperations.ts
  44:3  warning  Async method 'getProjectInfo' has a complexity of 11. Maximum allowed is 10  complexity

/home/papajoe/projects/chassis/src/services/project/projectOperationsStatus.ts
  27:8  warning  Async function 'getProjectStatus' has a complexity of 17. Maximum allowed is 10  complexity
  73:8  warning  Function 'getCurrentProjectInfo' has a complexity of 17. Maximum allowed is 10   complexity

/home/papajoe/projects/chassis/src/services/project/setupProgressPanel.ts
  62:1  warning  Async function 'handleAction' has a complexity of 19. Maximum allowed is 10  complexity

/home/papajoe/projects/chassis/src/services/project/templateScopeService.ts
  90:8  warning  Async function 'parseScopeAnswer' has a complexity of 11. Maximum allowed is 10  complexity

/home/papajoe/projects/chassis/src/services/project/templateWizard.ts
  41:8  warning  Async function 'runTemplateWizard' has a complexity of 18. Maximum allowed is 10  complexity

/home/papajoe/projects/chassis/src/services/savePointService.ts
  27:3  warning  Async method 'create' has a complexity of 12. Maximum allowed is 10  complexity

/home/papajoe/projects/chassis/src/services/sessionService.ts
  128:3  warning  Async method 'endSession' has a complexity of 11. Maximum allowed is 10  complexity

/home/papajoe/projects/chassis/src/services/usageTracker.ts
  157:1  warning  Function 'normalizeAI' has a complexity of 12. Maximum allowed is 10  complexity
  170:1  warning  Function 'calcCost' has a complexity of 18. Maximum allowed is 10     complexity

/home/papajoe/projects/chassis/src/services/userMemoryService.ts
  75:8  warning  Function 'learnFromFile' has a complexity of 21. Maximum allowed is 10  complexity

/home/papajoe/projects/chassis/src/services/vault/buildFromVaultOutput.ts
  15:8  warning  Async function 'handleBuildOutput' has a complexity of 20. Maximum allowed is 10  complexity

/home/papajoe/projects/chassis/src/services/vault/buildFromVaultService.ts
  35:32  warning  Async arrow function has a complexity of 18. Maximum allowed is 10  complexity

/home/papajoe/projects/chassis/src/services/vault/vaultAutoCapture.ts
  42:8  warning  Async function 'autoCaptureFile' has a complexity of 15. Maximum allowed is 10  complexity

/home/papajoe/projects/chassis/src/services/vault/vaultContextService.ts
   62:3   warning  Method 'extractKeywords' has a complexity of 11. Maximum allowed is 10  complexity
  110:27  warning  Arrow function has a complexity of 23. Maximum allowed is 10            complexity

/home/papajoe/projects/chassis/src/services/vault/vaultExtractor.ts
  45:8  warning  Function 'extractFromFile' has a complexity of 17. Maximum allowed is 10  complexity

/home/papajoe/projects/chassis/src/services/vault/vaultExtractorQuality.ts
  31:8  warning  Function 'isVaultWorthy' has a complexity of 17. Maximum allowed is 10  complexity

/home/papajoe/projects/chassis/src/services/vault/vaultExtractorTsJs.ts
  7:8  warning  Function 'extractTSJS' has a complexity of 28. Maximum allowed is 10  complexity

/home/papajoe/projects/chassis/src/services/vault/vaultSeeder.ts
   77:1  warning  Async function 'searchGitHub' has a complexity of 13. Maximum allowed is 10  complexity
  127:8  warning  Async function 'seedVault' has a complexity of 13. Maximum allowed is 10     complexity

/home/papajoe/projects/chassis/src/services/vault/vaultStorage.ts
  20:1  warning  Function 'migrateOldItem' has a complexity of 39. Maximum allowed is 10  complexity

/home/papajoe/projects/chassis/src/services/workspace/codebaseSearch.ts
  27:3  warning  Function 'walk' has a complexity of 14. Maximum allowed is 10  complexity

/home/papajoe/projects/chassis/src/services/workspace/terminalErrorService.ts
  52:8  warning  Function 'getLastTerminalError' has a complexity of 16. Maximum allowed is 10  complexity

/home/papajoe/projects/chassis/src/services/workspace/workspaceContextDetect.ts
  4:8  warning  Function 'detectProjectStructure' has a complexity of 18. Maximum allowed is 10  complexity

/home/papajoe/projects/chassis/src/services/workspace/workspaceContextTarget.ts
  5:8  warning  Function 'findBestTargetForModification' has a complexity of 15. Maximum allowed is 10  complexity

/home/papajoe/projects/chassis/src/tests/utils/logDumper.ts
  15:43  warning  Expected { after 'if' condition  curly
  16:51  warning  Expected { after 'if' condition  curly
  17:55  warning  Expected { after 'if' condition  curly
  20:36  warning  Expected { after 'if' condition  curly
  27:31  warning  Expected { after 'if' condition  curly

/home/papajoe/projects/chassis/src/ui/map/mapPanelMessages.ts
  21:8  warning  Async function 'handleMapMessage' has a complexity of 98. Maximum allowed is 10  complexity

/home/papajoe/projects/chassis/src/ui/map/mapPanelTimelineMessages.ts
  12:8  warning  Async function 'handleMapTimelineMessage' has a complexity of 14. Maximum allowed is 10  complexity

/home/papajoe/projects/chassis/src/ui/messageRouterCore.ts
  11:8  warning  Async function 'handleCoreMessage' has a complexity of 40. Maximum allowed is 10  complexity

/home/papajoe/projects/chassis/src/ui/messageRouterMap.ts
  9:8  warning  Async function 'handleMapMessage' has a complexity of 48. Maximum allowed is 10  complexity

/home/papajoe/projects/chassis/src/ui/messageRouterSession.ts
  7:8  warning  Async function 'handleSessionMessage' has a complexity of 11. Maximum allowed is 10  complexity

/home/papajoe/projects/chassis/src/ui/messageRouterVault.ts
  8:8  warning  Async function 'handleVaultMessage' has a complexity of 19. Maximum allowed is 10  complexity

/home/papajoe/projects/chassis/src/ui/messageRouterVaultRecategorize.ts
  56:15  warning  Async arrow function has a complexity of 18. Maximum allowed is 10  complexity

/home/papajoe/projects/chassis/src/ui/messageRouterVaultScan.ts
  22:34  warning  Async arrow function has a complexity of 16. Maximum allowed is 10  complexity

/home/papajoe/projects/chassis/src/ui/messageRouterWizard.ts
  11:8  warning  Async function 'handleWizardMessage' has a complexity of 22. Maximum allowed is 10  complexity

/home/papajoe/projects/chassis/src/ui/panels/analyzer/analyzerPanel.ts
  59:3  warning  Async method '_handleMessage' has a complexity of 23. Maximum allowed is 10  complexity

/home/papajoe/projects/chassis/src/ui/panels/analyzer/analyzerReports.ts
    6:8  warning  Function 'generateProjectMap' has a complexity of 14. Maximum allowed is 10        complexity
  103:8  warning  Async function 'analyzeCurrentFile' has a complexity of 21. Maximum allowed is 10  complexity

/home/papajoe/projects/chassis/src/ui/panels/analyzer/analyzerScanner.ts
   41:8  warning  Function 'scanDirectory' has a complexity of 26. Maximum allowed is 10  complexity
  100:8  warning  Function 'buildAnalysis' has a complexity of 12. Maximum allowed is 10  complexity

/home/papajoe/projects/chassis/src/ui/panels/analyzer/analyzerService.ts
  31:25  warning  Async arrow function has a complexity of 11. Maximum allowed is 10  complexity

/home/papajoe/projects/chassis/src/ui/panels/chat/chatPanelClarify.ts
  25:8  warning  Async function 'generateClarifyQuestions' has a complexity of 14. Maximum allowed is 10  complexity

/home/papajoe/projects/chassis/src/ui/panels/chat/chatPanelCodeStructure.ts
  61:1  warning  Function 'addNarratorComments' has a complexity of 18. Maximum allowed is 10  complexity

/home/papajoe/projects/chassis/src/ui/panels/chat/chatPanelDashboard.ts
  54:8  warning  Function 'buildProjectDashboard' has a complexity of 24. Maximum allowed is 10  complexity

/home/papajoe/projects/chassis/src/ui/panels/chat/chatPanelEmptyState.ts
  9:8  warning  Function 'buildEmptyStateHtml' has a complexity of 15. Maximum allowed is 10  complexity

/home/papajoe/projects/chassis/src/ui/panels/chat/chatPanelFileExplainer.ts
  47:8  warning  Async function 'explainProjectFiles' has a complexity of 17. Maximum allowed is 10  complexity

/home/papajoe/projects/chassis/src/ui/panels/chat/chatPanelGates.ts
  30:8  warning  Async function 'awaitCostConfirmation' has a complexity of 12. Maximum allowed is 10  complexity

/home/papajoe/projects/chassis/src/ui/panels/chat/chatPanelHeader.ts
  12:8  warning  Function 'buildHeaderInfo' has a complexity of 35. Maximum allowed is 10  complexity

/home/papajoe/projects/chassis/src/ui/panels/chat/chatPanelHtml.ts
  49:8  warning  Function 'buildChatHtml' has a complexity of 46. Maximum allowed is 10  complexity

/home/papajoe/projects/chassis/src/ui/panels/chat/chatPanelImportCheck.ts
  80:1  warning  Function 'checkNodeImports' has a complexity of 12. Maximum allowed is 10  complexity

/home/papajoe/projects/chassis/src/ui/panels/chat/chatPanelMsgArchitect.ts
   30:8  warning  Async function 'handleArchitectActionConfirm' has a complexity of 12. Maximum allowed is 10  complexity
   93:8  warning  Async function 'handleArchitectFixAll' has a complexity of 16. Maximum allowed is 10         complexity
  130:8  warning  Async function 'handleArchitectFixOne' has a complexity of 16. Maximum allowed is 10         complexity

/home/papajoe/projects/chassis/src/ui/panels/chat/chatPanelMsgExpandedInterview.ts
  5:8  warning  Async function 'handleExpandedInterviewSubmit' has a complexity of 21. Maximum allowed is 10  complexity

/home/papajoe/projects/chassis/src/ui/panels/chat/chatPanelMsgMapContext.ts
  11:8  warning  Async function 'handleMapContext' has a complexity of 14. Maximum allowed is 10  complexity

/home/papajoe/projects/chassis/src/ui/panels/chat/chatPanelPlanInterview.ts
  53:8  warning  Async function 'handlePlanInterviewAnswer' has a complexity of 40. Maximum allowed is 10  complexity

/home/papajoe/projects/chassis/src/ui/panels/chat/chatPanelPlanInterviewHelpers.ts
    7:8  warning  Async function 'generateFollowups' has a complexity of 19. Maximum allowed is 10  complexity
  117:8  warning  Function 'saveBlueprint' has a complexity of 21. Maximum allowed is 10            complexity

/home/papajoe/projects/chassis/src/ui/panels/chat/chatPanelRenderer.ts
  141:83  warning  Arrow function has a complexity of 11. Maximum allowed is 10  complexity

/home/papajoe/projects/chassis/src/ui/panels/chat/chatPanelSessionResume.ts
  10:8  warning  Function 'loadLastSessionContext' has a complexity of 26. Maximum allowed is 10  complexity

/home/papajoe/projects/chassis/src/ui/panels/chat/chatPanelShow.ts
  13:8  warning  Function 'doShowChatPanel' has a complexity of 26. Maximum allowed is 10  complexity

/home/papajoe/projects/chassis/src/ui/panels/chat/chatPanelStory.ts
  37:8  warning  Function 'buildResultCard' has a complexity of 23. Maximum allowed is 10  complexity

/home/papajoe/projects/chassis/src/ui/panels/wizard/wizardService.ts
  20:3  warning  Async method 'run' has a complexity of 14. Maximum allowed is 10  complexity

/home/papajoe/projects/chassis/src/ui/views/blueprintInterviewPanel.ts
  75:8  warning  Async function 'handleInterviewMessage' has a complexity of 16. Maximum allowed is 10  complexity

/home/papajoe/projects/chassis/src/ui/views/buildHistoryPanel.ts
  29:50  warning  Async arrow function has a complexity of 14. Maximum allowed is 10  complexity

/home/papajoe/projects/chassis/src/ui/views/chassisWebviewProvider.ts
  80:3  warning  Method '_buildHtml' has a complexity of 42. Maximum allowed is 10  complexity

/home/papajoe/projects/chassis/src/ui/views/filesTab.ts
  7:8  warning  Function 'renderFilesTab' has a complexity of 33. Maximum allowed is 10  complexity

/home/papajoe/projects/chassis/src/ui/views/vaultTabRenderer.ts
  14:8  warning  Function 'renderVaultTab' has a complexity of 23. Maximum allowed is 10  complexity

✖ 201 problems (0 errors, 201 warnings)
  0 errors and 8 warnings potentially fixable with the `--fix` option.

